<?xml version="1.0" encoding="UTF-8"?>
<testng-results ignored="0" total="0" passed="0" failed="0" skipped="0">
  <reporter-output>
  </reporter-output>
  <suite started-at="2023-08-18T11:03:15 IST" name="Default suite" finished-at="2023-08-18T11:03:15 IST" duration-ms="10">
    <groups>
    </groups>
    <test started-at="2023-08-18T11:03:15 IST" name="Default test" finished-at="2023-08-18T11:03:15 IST" duration-ms="10">
      <class name="com.driverUtility.NewTest">
        <test-method is-config="true" signature="startServer()[pri:0, instance:com.driverUtility.NewTest@397fbdb]" started-at="2023-08-18T11:03:04 IST" name="startServer" finished-at="2023-08-18T11:03:15 IST" duration-ms="11233" status="PASS">
          <reporter-output>
          </reporter-output>
        </test-method> <!-- startServer -->
        <test-method is-config="true" signature="stopServer()[pri:0, instance:com.driverUtility.NewTest@397fbdb]" started-at="2023-08-18T11:03:15 IST" name="stopServer" finished-at="2023-08-18T11:03:15 IST" duration-ms="58" status="PASS">
          <reporter-output>
          </reporter-output>
        </test-method> <!-- stopServer -->
      </class> <!-- com.driverUtility.NewTest -->
    </test> <!-- Default test -->
  </suite> <!-- Default suite -->
</testng-results>
