<?xml version="1.0" encoding="UTF-8"?>
<!-- Generated by org.testng.reporters.JUnitXMLReporter -->
<testsuite ignored="2" hostname="TYC0522054" failures="0" tests="2" name="Launch" time="11.011" errors="0" timestamp="2024-07-03T10:20:48 IST">
  <testcase classname="testNG.OrangeHRMTest" name="launchApplication" time="9.959"/>
  <testcase classname="testNG.OrangeHRMTest" name="qUIT" time="0.935"/>
  <testcase classname="testNG.OrangeHRMTest" name="Login" time="0.0">
    <ignored/>
  </testcase> <!-- Login -->
  <testcase classname="testNG.OrangeHRMTest" name="verifytext" time="0.0">
    <ignored/>
  </testcase> <!-- verifytext -->
</testsuite> <!-- Launch -->
