<?xml version="1.0" encoding="UTF-8"?>
<!-- Generated by org.testng.reporters.JUnitXMLReporter -->
<testsuite ignored="1" hostname="TYC0522054" failures="0" tests="3" name="loginapp" time="10.397" errors="0" timestamp="2024-07-03T10:20:58 IST">
  <testcase classname="testNG.OrangeHRMTest" name="launchApplication" time="5.357"/>
  <testcase classname="testNG.OrangeHRMTest" name="Login" time="4.562"/>
  <testcase classname="testNG.OrangeHRMTest" name="qUIT" time="0.468"/>
  <testcase classname="testNG.OrangeHRMTest" name="verifytext" time="0.0">
    <ignored/>
  </testcase> <!-- verifytext -->
</testsuite> <!-- loginapp -->
