<?xml version="1.0" encoding="UTF-8"?>
<!-- Generated by org.testng.reporters.JUnitXMLReporter -->
<testsuite ignored="0" hostname="TYC0522054" failures="0" tests="4" name="verifyDash" time="10.458" errors="0" timestamp="2024-07-03T10:21:08 IST">
  <testcase classname="testNG.OrangeHRMTest" name="launchApplication" time="3.996"/>
  <testcase classname="testNG.OrangeHRMTest" name="Login" time="4.719"/>
  <testcase classname="testNG.OrangeHRMTest" name="verifytext" time="0.44"/>
  <testcase classname="testNG.OrangeHRMTest" name="qUIT" time="1.286"/>
</testsuite> <!-- verifyDash -->
