<?xml version="1.0" encoding="UTF-8"?>
<testng-results ignored="0" total="9" passed="9" failed="0" skipped="0">
  <reporter-output>
  </reporter-output>
  <suite started-at="2024-07-03T10:20:36 IST" name="DemoSuite" finished-at="2024-07-03T10:21:08 IST" duration-ms="32008">
    <groups>
    </groups>
    <test started-at="2024-07-03T10:20:36 IST" name="Launch" finished-at="2024-07-03T10:20:47 IST" duration-ms="11011">
      <class name="testNG.OrangeHRMTest">
        <test-method signature="launchApplication()[pri:0, instance:testNG.OrangeHRMTest@71d44a3]" started-at="2024-07-03T10:20:37 IST" name="launchApplication" finished-at="2024-07-03T10:20:47 IST" duration-ms="9959" status="PASS">
          <reporter-output>
          </reporter-output>
        </test-method> <!-- launchApplication -->
        <test-method signature="qUIT()[pri:0, instance:testNG.OrangeHRMTest@71d44a3]" started-at="2024-07-03T10:20:47 IST" name="qUIT" finished-at="2024-07-03T10:20:47 IST" duration-ms="935" status="PASS">
          <reporter-output>
          </reporter-output>
        </test-method> <!-- qUIT -->
      </class> <!-- testNG.OrangeHRMTest -->
    </test> <!-- Launch -->
    <test started-at="2024-07-03T10:20:48 IST" name="loginapp" finished-at="2024-07-03T10:20:58 IST" duration-ms="10397">
      <class name="testNG.OrangeHRMTest">
        <test-method signature="launchApplication()[pri:0, instance:testNG.OrangeHRMTest@74e52ef6]" started-at="2024-07-03T10:20:48 IST" name="launchApplication" finished-at="2024-07-03T10:20:53 IST" duration-ms="5357" status="PASS">
          <reporter-output>
          </reporter-output>
        </test-method> <!-- launchApplication -->
        <test-method signature="Login()[pri:0, instance:testNG.OrangeHRMTest@74e52ef6]" started-at="2024-07-03T10:20:53 IST" name="Login" finished-at="2024-07-03T10:20:58 IST" duration-ms="4562" status="PASS">
          <reporter-output>
          </reporter-output>
        </test-method> <!-- Login -->
        <test-method signature="qUIT()[pri:0, instance:testNG.OrangeHRMTest@74e52ef6]" started-at="2024-07-03T10:20:58 IST" name="qUIT" finished-at="2024-07-03T10:20:58 IST" duration-ms="468" status="PASS">
          <reporter-output>
          </reporter-output>
        </test-method> <!-- qUIT -->
      </class> <!-- testNG.OrangeHRMTest -->
    </test> <!-- loginapp -->
    <test started-at="2024-07-03T10:20:58 IST" name="verifyDash" finished-at="2024-07-03T10:21:08 IST" duration-ms="10458">
      <class name="testNG.OrangeHRMTest">
        <test-method signature="launchApplication()[pri:0, instance:testNG.OrangeHRMTest@15de0b3c]" started-at="2024-07-03T10:20:58 IST" name="launchApplication" finished-at="2024-07-03T10:21:02 IST" duration-ms="3996" status="PASS">
          <reporter-output>
          </reporter-output>
        </test-method> <!-- launchApplication -->
        <test-method signature="Login()[pri:0, instance:testNG.OrangeHRMTest@15de0b3c]" started-at="2024-07-03T10:21:02 IST" name="Login" finished-at="2024-07-03T10:21:07 IST" duration-ms="4719" status="PASS">
          <reporter-output>
          </reporter-output>
        </test-method> <!-- Login -->
        <test-method signature="verifytext()[pri:0, instance:testNG.OrangeHRMTest@15de0b3c]" started-at="2024-07-03T10:21:07 IST" name="verifytext" finished-at="2024-07-03T10:21:07 IST" duration-ms="440" status="PASS">
          <reporter-output>
          </reporter-output>
        </test-method> <!-- verifytext -->
        <test-method signature="qUIT()[pri:0, instance:testNG.OrangeHRMTest@15de0b3c]" started-at="2024-07-03T10:21:07 IST" name="qUIT" finished-at="2024-07-03T10:21:08 IST" duration-ms="1286" status="PASS">
          <reporter-output>
          </reporter-output>
        </test-method> <!-- qUIT -->
      </class> <!-- testNG.OrangeHRMTest -->
    </test> <!-- verifyDash -->
  </suite> <!-- DemoSuite -->
</testng-results>
