<?xml version="1.0" encoding="UTF-8"?>
<testng-results ignored="0" total="1" passed="1" failed="0" skipped="0">
  <reporter-output>
    <line>
      <![CDATA[somthomg]]>
    </line>
  </reporter-output>
  <suite started-at="2023-08-16T20:55:17 IST" name="Default suite" finished-at="2023-08-16T20:55:17 IST" duration-ms="143">
    <groups>
    </groups>
    <test started-at="2023-08-16T20:55:17 IST" name="Default test" finished-at="2023-08-16T20:55:17 IST" duration-ms="143">
      <class name="seleninum.verify">
        <test-method signature="testinf()[pri:0, instance:seleninum.verify@5b7a5baa]" started-at="2023-08-16T20:55:17 IST" name="testinf" finished-at="2023-08-16T20:55:17 IST" duration-ms="28" status="PASS">
          <reporter-output>
            <line>
              <![CDATA[somthomg]]>
            </line>
          </reporter-output>
        </test-method> <!-- testinf -->
      </class> <!-- seleninum.verify -->
    </test> <!-- Default test -->
  </suite> <!-- Default suite -->
</testng-results>
